12:14:18.546 Elfbot NG 4.5.9 - Entry Started on segunda-feira setembro 25, 2023
12:14:18.609 TickProc Error #492 C0000005
12:14:18.703 TickProc Error #492 C0000005
14:00:13.375 TickProc Error #492 C0000005
14:00:13.437 TickProc Error #492 C0000005
14:00:13.531 TickProc Error #492 C0000005
14:00:13.609 TickProc Error #492 C0000005
14:00:13.656 TickProc Error #492 C0000005
14:00:13.703 TickProc Error #492 C0000005
14:00:13.781 TickProc Error #492 C0000005
14:00:13.843 TickProc Error #492 C0000005
14:00:13.890 TickProc Error #492 C0000005
14:00:13.921 TickProc Error #492 C0000005
14:00:13.984 TickProc Error #492 C0000005
14:00:13.015 TickProc Error #492 C0000005
14:00:13.125 TickProc Error #492 C0000005
14:00:13.187 TickProc Error #492 C0000005
14:00:13.265 TickProc Error #492 C0000005
14:00:14.328 TickProc Error #492 C0000005
14:00:14.468 TickProc Error #492 C0000005
14:00:14.531 TickProc Error #492 C0000005
14:00:14.625 TickProc Error #492 C0000005
14:00:14.703 TickProc Error #492 C0000005
14:00:14.750 TickProc Error #492 C0000005
14:00:14.781 TickProc Error #492 C0000005
14:00:14.843 TickProc Error #492 C0000005
14:00:14.906 TickProc Error #492 C0000005
14:00:14.984 TickProc Error #492 C0000005
14:00:14.000 TickProc Error #492 C0000005
14:00:14.078 TickProc Error #492 C0000005
14:00:14.156 TickProc Error #492 C0000005
14:00:14.234 TickProc Error #492 C0000005
14:00:14.296 TickProc Error #492 C0000005
14:44:31.078 TickProc Error #492 C0000005
14:44:31.187 TickProc Error #492 C0000005
14:44:31.265 TickProc Error #492 C0000005
14:44:32.343 TickProc Error #492 C0000005
19:41:02.140 Elfbot NG 4.5.9 - Entry Started on segunda-feira setembro 25, 2023
19:41:02.203 TickProc Error #492 C0000005
19:41:02.265 TickProc Error #492 C0000005
00:53:47.484 TickProc Error #492 C0000005
00:53:47.578 TickProc Error #492 C0000005
01:36:57.640 TickProc Error #492 C0000005
01:36:58.750 TickProc Error #492 C0000005
01:56:02.781 TickProc Error #492 C0000005
01:56:02.828 TickProc Error #492 C0000005
01:56:02.906 TickProc Error #492 C0000005
01:56:02.953 TickProc Error #492 C0000005
21:22:47.828 Elfbot NG 4.5.9 - Entry Started on terça-feira setembro 26, 2023
21:22:47.937 TickProc Error #492 C0000005
21:22:47.000 TickProc Error #492 C0000005
23:12:45.703 Elfbot NG 4.5.9 - Entry Started on quinta-feira setembro 28, 2023
23:12:56.281 TickProc Error #492 C0000005
23:12:56.328 TickProc Error #492 C0000005
23:15:41.421 TickProc Error #492 C0000005
23:15:41.500 TickProc Error #492 C0000005
23:15:43.375 TickProc Error #492 C0000005
23:15:44.718 TickProc Error #492 C0000005
04:18:07.234 Elfbot NG 4.5.9 - Entry Started on sexta-feira setembro 29, 2023
04:18:07.281 TickProc Error #492 C0000005
04:18:07.296 TickProc Error #492 C0000005
04:18:08.453 TickProc Error #492 C0000005
04:18:08.484 TickProc Error #492 C0000005
04:18:11.937 TickProc Error #492 C0000005
04:18:11.031 TickProc Error #492 C0000005
22:08:43.562 Elfbot NG 4.5.9 - Entry Started on quarta-feira outubro 04, 2023
22:08:43.578 TickProc Error #492 C0000005
22:08:43.593 TickProc Error #492 C0000005
22:08:43.718 TickProc Error #492 C0000005
22:08:43.734 TickProc Error #492 C0000005
22:08:43.781 TickProc Error #492 C0000005
22:08:43.796 TickProc Error #492 C0000005
22:08:43.812 TickProc Error #492 C0000005
22:08:43.828 TickProc Error #492 C0000005
22:08:43.890 TickProc Error #492 C0000005
22:08:43.906 TickProc Error #492 C0000005
22:08:43.000 TickProc Error #492 C0000005
22:08:43.031 TickProc Error #492 C0000005
22:08:43.093 TickProc Error #492 C0000005
22:08:43.109 TickProc Error #492 C0000005
22:08:43.203 TickProc Error #492 C0000005
22:08:43.218 TickProc Error #492 C0000005
22:08:43.234 TickProc Error #492 C0000005
22:08:43.250 TickProc Error #492 C0000005
22:08:43.312 TickProc Error #492 C0000005
22:08:43.328 TickProc Error #492 C0000005
22:08:43.406 TickProc Error #492 C0000005
22:08:44.421 TickProc Error #492 C0000005
22:08:44.625 TickProc Error #492 C0000005
22:08:44.656 TickProc Error #492 C0000005
23:26:34.390 TickProc Error #492 C0000005
23:26:35.671 TickProc Error #492 C0000005
00:12:30.875 Elfbot NG 4.5.9 - Entry Started on sábado outubro 07, 2023
00:12:30.890 TickProc Error #492 C0000005
00:12:30.921 TickProc Error #492 C0000005
00:12:30.953 TickProc Error #492 C0000005
00:12:30.984 TickProc Error #492 C0000005
00:12:31.437 TickProc Error #492 C0000005
00:12:31.453 TickProc Error #492 C0000005
00:15:27.203 Elfbot NG 4.5.9 - Entry Started on sábado outubro 07, 2023
00:15:27.234 TickProc Error #492 C0000005
00:15:27.265 TickProc Error #492 C0000005
00:24:40.937 TickProc Error #492 C0000005
00:24:41.062 TickProc Error #492 C0000005
20:30:16.390 Elfbot NG 4.5.9 - Entry Started on quarta-feira outubro 18, 2023
20:30:16.437 TickProc Error #492 C0000005
20:30:16.453 TickProc Error #492 C0000005
20:30:16.546 TickProc Error #492 C0000005
20:30:16.578 TickProc Error #492 C0000005
20:30:16.656 TickProc Error #492 C0000005
20:30:16.734 TickProc Error #492 C0000005
00:32:54.343 Elfbot NG 4.5.9 - Entry Started on sexta-feira outubro 20, 2023
00:32:54.359 TickProc Error #492 C0000005
00:32:54.359 TickProc Error #492 C0000005
00:55:04.093 TickProc Error #492 C0000005
00:55:56.031 TickProc Error #492 C0000005
02:12:26.515 TickProc Error #492 C0000005
02:12:26.593 TickProc Error #492 C0000005
02:12:26.625 TickProc Error #492 C0000005
02:12:26.671 TickProc Error #492 C0000005
03:10:59.578 TickProc Error #492 C0000005
03:10:59.828 TickProc Error #492 C0000005
03:10:59.921 TickProc Error #492 C0000005
03:10:59.953 TickProc Error #492 C0000005
06:24:02.515 TickProc Error #492 C0000005
06:24:02.640 TickProc Error #492 C0000005
06:24:08.203 TickProc Error #492 C0000005
06:24:08.265 TickProc Error #492 C0000005
19:47:13.687 Elfbot NG 4.5.9 - Entry Started on sexta-feira outubro 20, 2023
19:47:14.843 TickProc Error #492 C0000005
19:47:14.984 TickProc Error #492 C0000005
23:54:28.156 Elfbot NG 4.5.9 - Entry Started on sexta-feira outubro 20, 2023
23:54:28.218 TickProc Error #492 C0000005
23:54:28.250 TickProc Error #492 C0000005
23:54:29.375 TickProc Error #492 C0000005
23:54:29.375 TickProc Error #492 C0000005
14:50:48.468 Elfbot NG 4.5.9 - Entry Started on sábado outubro 21, 2023
14:50:48.484 TickProc Error #492 C0000005
14:50:48.531 TickProc Error #492 C0000005
14:50:48.578 TickProc Error #492 C0000005
14:50:48.578 TickProc Error #492 C0000005
14:50:48.625 TickProc Error #492 C0000005
14:50:48.656 TickProc Error #492 C0000005
14:50:48.687 TickProc Error #492 C0000005
14:50:48.703 TickProc Error #492 C0000005
14:50:48.781 TickProc Error #492 C0000005
14:50:48.812 TickProc Error #492 C0000005
15:37:45.296 TickProc Error #492 C0000005
15:37:45.343 TickProc Error #492 C0000005
15:37:45.484 TickProc Error #492 C0000005
15:37:45.500 TickProc Error #492 C0000005
15:37:45.546 TickProc Error #492 C0000005
15:37:45.546 TickProc Error #492 C0000005
15:37:45.671 TickProc Error #492 C0000005
15:37:45.703 TickProc Error #492 C0000005
15:37:45.812 TickProc Error #492 C0000005
15:37:45.828 TickProc Error #492 C0000005
15:37:45.953 TickProc Error #492 C0000005
15:37:45.984 TickProc Error #492 C0000005
15:37:46.125 TickProc Error #492 C0000005
15:37:46.156 TickProc Error #492 C0000005
16:29:25.484 TickProc Error #492 C0000005
16:29:25.515 TickProc Error #492 C0000005
16:29:25.640 TickProc Error #492 C0000005
16:29:25.734 TickProc Error #492 C0000005
16:47:22.921 TickProc Error #492 C0000005
16:47:22.968 TickProc Error #492 C0000005
16:47:23.500 TickProc Error #492 C0000005
16:47:23.500 TickProc Error #492 C0000005
16:47:23.531 TickProc Error #492 C0000005
16:47:23.531 TickProc Error #492 C0000005
16:47:24.031 TickProc Error #492 C0000005
16:47:24.062 TickProc Error #492 C0000005
17:02:54.703 TickProc Error #492 C0000005
17:02:54.750 TickProc Error #492 C0000005
17:02:55.296 TickProc Error #492 C0000005
17:02:55.296 TickProc Error #492 C0000005
18:02:17.890 TickProc Error #492 C0000005
18:02:17.921 TickProc Error #492 C0000005
18:02:17.015 TickProc Error #492 C0000005
18:02:18.031 TickProc Error #492 C0000005
18:02:18.203 TickProc Error #492 C0000005
18:02:18.218 TickProc Error #492 C0000005
18:02:18.281 TickProc Error #492 C0000005
18:02:18.312 TickProc Error #492 C0000005
18:02:18.437 TickProc Error #492 C0000005
18:02:18.437 TickProc Error #492 C0000005
18:02:18.546 TickProc Error #492 C0000005
18:02:18.578 TickProc Error #492 C0000005
18:02:18.703 TickProc Error #492 C0000005
18:02:18.703 TickProc Error #492 C0000005
18:02:18.828 TickProc Error #492 C0000005
18:02:18.890 TickProc Error #492 C0000005
18:02:19.062 TickProc Error #492 C0000005
18:02:19.109 TickProc Error #492 C0000005
19:39:27.546 TickProc Error #492 C0000005
19:39:27.609 TickProc Error #492 C0000005
19:39:27.671 TickProc Error #492 C0000005
19:39:27.703 TickProc Error #492 C0000005
19:39:27.875 TickProc Error #492 C0000005
19:39:27.968 TickProc Error #492 C0000005
19:39:28.140 TickProc Error #492 C0000005
19:39:28.281 TickProc Error #492 C0000005
19:39:28.406 TickProc Error #492 C0000005
19:39:28.437 TickProc Error #492 C0000005
19:39:28.562 TickProc Error #492 C0000005
19:39:28.718 TickProc Error #492 C0000005
19:39:28.875 TickProc Error #492 C0000005
19:39:28.937 TickProc Error #492 C0000005
19:39:29.062 TickProc Error #492 C0000005
19:39:29.500 TickProc Error #492 C0000005
20:04:39.578 Elfbot NG 4.5.9 - Entry Started on domingo outubro 22, 2023
20:04:39.625 TickProc Error #492 C0000005
20:04:39.687 TickProc Error #492 C0000005
20:04:39.796 TickProc Error #492 C0000005
20:04:39.828 TickProc Error #492 C0000005
20:04:39.953 TickProc Error #492 C0000005
20:04:39.015 TickProc Error #492 C0000005
20:04:39.046 TickProc Error #492 C0000005
20:04:39.062 TickProc Error #492 C0000005
20:04:39.109 TickProc Error #492 C0000005
20:04:40.156 TickProc Error #492 C0000005
20:04:40.218 TickProc Error #492 C0000005
20:04:40.234 TickProc Error #492 C0000005
20:04:40.312 TickProc Error #492 C0000005
20:04:40.328 TickProc Error #492 C0000005
20:04:40.375 TickProc Error #492 C0000005
20:04:40.390 TickProc Error #492 C0000005
20:04:40.468 TickProc Error #492 C0000005
20:04:40.484 TickProc Error #492 C0000005
20:04:40.609 TickProc Error #492 C0000005
20:04:40.625 TickProc Error #492 C0000005
20:04:40.687 TickProc Error #492 C0000005
20:04:40.718 TickProc Error #492 C0000005
20:04:40.781 TickProc Error #492 C0000005
20:04:40.875 TickProc Error #492 C0000005
20:04:40.953 TickProc Error #492 C0000005
20:04:40.000 TickProc Error #492 C0000005
20:04:40.062 TickProc Error #492 C0000005
20:04:40.078 TickProc Error #492 C0000005
20:04:41.187 TickProc Error #492 C0000005
20:04:41.234 TickProc Error #492 C0000005
20:04:41.296 TickProc Error #492 C0000005
20:04:41.312 TickProc Error #492 C0000005
20:04:41.390 TickProc Error #492 C0000005
20:04:41.406 TickProc Error #492 C0000005
20:04:41.468 TickProc Error #492 C0000005
20:04:41.500 TickProc Error #492 C0000005
20:14:45.328 TickProc Error #492 C0000005
20:14:45.359 TickProc Error #492 C0000005
20:14:45.546 TickProc Error #492 C0000005
20:14:45.562 TickProc Error #492 C0000005
20:15:33.515 TickProc Error #492 C0000005
20:16:12.187 TickProc Error #492 C0000005
20:18:15.062 TickProc Error #492 C0000005
20:18:16.140 TickProc Error #492 C0000005
20:18:16.265 TickProc Error #492 C0000005
20:18:16.296 TickProc Error #492 C0000005
20:18:16.531 TickProc Error #492 C0000005
20:18:16.781 TickProc Error #492 C0000005
20:18:16.015 TickProc Error #492 C0000005
20:18:16.078 TickProc Error #492 C0000005
20:18:17.187 TickProc Error #492 C0000005
20:18:17.343 TickProc Error #492 C0000005
20:18:17.562 TickProc Error #492 C0000005
20:18:17.593 TickProc Error #492 C0000005
20:18:17.812 TickProc Error #492 C0000005
20:18:17.921 TickProc Error #492 C0000005
22:40:42.203 Elfbot NG 4.5.9 - Entry Started on domingo outubro 22, 2023
22:41:38.234 TickProc Error #492 C0000005
22:41:38.671 TickProc Error #492 C0000005
00:49:52.875 Elfbot NG 4.5.9 - Entry Started on quarta-feira outubro 25, 2023
00:49:52.937 TickProc Error #492 C0000005
00:49:52.000 TickProc Error #492 C0000005
00:49:56.390 TickProc Error #492 C0000005
00:49:56.484 TickProc Error #492 C0000005
01:17:43.640 TickProc Error #492 C0000005
01:17:43.687 TickProc Error #492 C0000005
01:17:43.890 TickProc Error #492 C0000005
01:17:43.906 TickProc Error #492 C0000005
01:17:43.937 TickProc Error #492 C0000005
01:17:43.953 TickProc Error #492 C0000005
01:17:43.000 TickProc Error #492 C0000005
01:17:43.046 TickProc Error #492 C0000005
01:17:43.125 TickProc Error #492 C0000005
01:17:43.156 TickProc Error #492 C0000005
01:17:43.203 TickProc Error #492 C0000005
01:17:44.234 TickProc Error #492 C0000005
01:17:44.281 TickProc Error #492 C0000005
01:17:44.312 TickProc Error #492 C0000005
01:17:44.375 TickProc Error #492 C0000005
01:17:44.390 TickProc Error #492 C0000005
01:17:44.468 TickProc Error #492 C0000005
01:17:44.484 TickProc Error #492 C0000005
01:17:44.546 TickProc Error #492 C0000005
01:17:44.593 TickProc Error #492 C0000005
01:17:44.703 TickProc Error #492 C0000005
01:17:44.812 TickProc Error #492 C0000005
01:17:44.859 TickProc Error #492 C0000005
01:17:44.906 TickProc Error #492 C0000005
01:17:44.937 TickProc Error #492 C0000005
01:17:44.968 TickProc Error #492 C0000005
01:17:44.000 TickProc Error #492 C0000005
01:17:44.046 TickProc Error #492 C0000005
01:17:44.125 TickProc Error #492 C0000005
01:17:44.140 TickProc Error #492 C0000005
01:17:44.203 TickProc Error #492 C0000005
01:17:45.234 TickProc Error #492 C0000005
01:17:45.296 TickProc Error #492 C0000005
01:17:45.328 TickProc Error #492 C0000005
01:17:45.375 TickProc Error #492 C0000005
01:17:45.406 TickProc Error #492 C0000005
01:17:45.468 TickProc Error #492 C0000005
01:17:45.515 TickProc Error #492 C0000005
01:37:00.609 TickProc Error #492 C0000005
01:37:00.640 TickProc Error #492 C0000005
01:37:00.687 TickProc Error #492 C0000005
01:37:00.718 TickProc Error #492 C0000005
01:37:00.765 TickProc Error #492 C0000005
01:37:00.796 TickProc Error #492 C0000005
01:37:00.828 TickProc Error #492 C0000005
01:37:00.859 TickProc Error #492 C0000005
02:02:31.812 TickProc Error #492 C0000005
02:02:31.000 TickProc Error #492 C0000005
23:12:04.765 Elfbot NG 4.5.9 - Entry Started on quinta-feira novembro 09, 2023
23:12:05.093 TickProc Error #492 C0000005
23:12:05.312 TickProc Error #492 C0000005
23:12:06.234 TickProc Error #492 C0000005
23:12:06.546 TickProc Error #492 C0000005
23:12:18.375 Elfbot NG 4.5.9 - Entry Started on quinta-feira novembro 09, 2023
23:12:18.484 TickProc Error #492 C0000005
23:12:18.515 TickProc Error #492 C0000005
23:12:20.937 TickProc Error #492 C0000005
23:12:20.953 TickProc Error #492 C0000005
23:12:21.828 TickProc Error #492 C0000005
23:12:22.859 TickProc Error #492 C0000005
23:13:26.453 TickProc Error #492 C0000005
23:13:26.656 TickProc Error #492 C0000005
23:13:27.031 TickProc Error #492 C0000005
23:13:27.187 TickProc Error #492 C0000005
23:13:27.593 TickProc Error #492 C0000005
23:13:27.703 TickProc Error #492 C0000005
23:13:28.265 TickProc Error #492 C0000005
23:13:28.437 TickProc Error #492 C0000005
23:13:53.890 TickProc Error #492 C0000005
23:13:53.937 TickProc Error #492 C0000005
23:13:53.093 TickProc Error #492 C0000005
23:13:53.140 TickProc Error #492 C0000005
23:14:14.046 TickProc Error #492 C0000005
23:14:14.218 TickProc Error #492 C0000005
23:14:14.671 TickProc Error #492 C0000005
23:14:14.828 TickProc Error #492 C0000005
23:14:15.984 TickProc Error #492 C0000005
23:14:15.156 TickProc Error #492 C0000005
23:14:15.453 TickProc Error #492 C0000005
23:14:15.531 TickProc Error #492 C0000005
23:14:15.843 TickProc Error #492 C0000005
23:14:16.031 TickProc Error #492 C0000005
23:14:16.593 TickProc Error #492 C0000005
23:14:16.843 TickProc Error #492 C0000005
23:16:10.375 TickProc Error #492 C0000005
23:16:10.500 TickProc Error #492 C0000005
23:16:10.671 TickProc Error #492 C0000005
23:16:10.765 TickProc Error #492 C0000005
23:16:11.906 TickProc Error #492 C0000005
23:16:11.921 TickProc Error #492 C0000005
23:16:11.968 TickProc Error #492 C0000005
23:16:11.984 TickProc Error #492 C0000005
23:16:11.078 TickProc Error #492 C0000005
23:16:11.171 TickProc Error #492 C0000005
23:16:11.312 TickProc Error #492 C0000005
23:16:11.312 TickProc Error #492 C0000005
23:16:11.375 TickProc Error #492 C0000005
23:16:11.453 TickProc Error #492 C0000005
23:16:11.500 TickProc Error #492 C0000005
23:16:11.515 TickProc Error #492 C0000005
23:16:11.546 TickProc Error #492 C0000005
23:16:11.609 TickProc Error #492 C0000005
23:16:11.640 TickProc Error #492 C0000005
23:16:11.703 TickProc Error #492 C0000005
23:16:11.812 TickProc Error #492 C0000005
23:16:11.828 TickProc Error #492 C0000005
23:16:12.890 TickProc Error #492 C0000005
23:16:12.937 TickProc Error #492 C0000005
23:16:12.015 TickProc Error #492 C0000005
23:16:12.046 TickProc Error #492 C0000005
23:16:12.125 TickProc Error #492 C0000005
23:16:12.187 TickProc Error #492 C0000005
23:16:12.281 TickProc Error #492 C0000005
23:16:12.390 TickProc Error #492 C0000005
23:16:12.421 TickProc Error #492 C0000005
23:16:12.453 TickProc Error #492 C0000005
23:16:12.531 TickProc Error #492 C0000005
23:16:12.640 TickProc Error #492 C0000005
23:16:16.468 TickProc Error #492 C0000005
23:16:16.515 TickProc Error #492 C0000005
23:16:16.718 TickProc Error #492 C0000005
23:16:17.890 TickProc Error #492 C0000005
23:16:17.093 TickProc Error #492 C0000005
23:16:17.187 TickProc Error #492 C0000005
23:16:17.421 TickProc Error #492 C0000005
23:16:17.531 TickProc Error #492 C0000005
23:16:17.734 TickProc Error #492 C0000005
23:16:17.812 TickProc Error #492 C0000005
23:16:18.031 TickProc Error #492 C0000005
23:16:18.171 TickProc Error #492 C0000005
23:16:18.281 TickProc Error #492 C0000005
23:16:18.453 TickProc Error #492 C0000005
23:16:18.781 TickProc Error #492 C0000005
23:16:19.984 TickProc Error #492 C0000005
23:16:23.187 TickProc Error #492 C0000005
23:16:23.578 TickProc Error #492 C0000005
23:16:24.921 TickProc Error #492 C0000005
23:16:24.093 TickProc Error #492 C0000005
23:16:24.500 TickProc Error #492 C0000005
23:16:24.640 TickProc Error #492 C0000005
23:16:25.953 TickProc Error #492 C0000005
23:16:25.031 TickProc Error #492 C0000005
23:16:25.156 TickProc Error #492 C0000005
23:16:25.187 TickProc Error #492 C0000005
23:16:25.609 TickProc Error #492 C0000005
23:16:25.734 TickProc Error #492 C0000005
23:16:55.671 TickProc Error #492 C0000005
23:16:55.687 TickProc Error #492 C0000005
23:16:55.765 TickProc Error #492 C0000005
23:16:55.781 TickProc Error #492 C0000005
23:16:56.875 TickProc Error #492 C0000005
23:16:56.953 TickProc Error #492 C0000005
23:16:56.031 TickProc Error #492 C0000005
23:16:56.062 TickProc Error #492 C0000005
23:16:56.203 TickProc Error #492 C0000005
23:16:56.218 TickProc Error #492 C0000005
23:16:56.312 TickProc Error #492 C0000005
23:16:56.375 TickProc Error #492 C0000005
01:18:47.500 Elfbot NG 4.5.9 - Entry Started on sexta-feira novembro 10, 2023
01:18:47.562 TickProc Error #492 C0000005
01:18:47.609 TickProc Error #492 C0000005
01:18:47.640 TickProc Error #492 C0000005
01:18:47.671 TickProc Error #492 C0000005
01:18:47.718 TickProc Error #492 C0000005
01:18:47.734 TickProc Error #492 C0000005
01:18:47.781 TickProc Error #492 C0000005
01:18:47.812 TickProc Error #492 C0000005
01:18:47.843 TickProc Error #492 C0000005
01:18:47.859 TickProc Error #492 C0000005
01:18:48.906 TickProc Error #492 C0000005
01:18:48.921 TickProc Error #492 C0000005
01:18:48.000 TickProc Error #492 C0000005
01:18:48.015 TickProc Error #492 C0000005
